0 info it worked if it ends with ok
1 verbose cli [ 'C:\\Program Files (x86)\\nodejs\\\\node.exe',
1 verbose cli   'C:\\Program Files (x86)\\nodejs\\node_modules\\npm\\bin\\npm-cli.js',
1 verbose cli   'install',
1 verbose cli   'os',
1 verbose cli   '--save' ]
2 info using npm@1.4.28
3 info using node@v0.10.33
4 verbose node symlink C:\Program Files (x86)\nodejs\\node.exe
5 warn package.json Myapp@ No repository field.
6 warn package.json jz-json@0.0.1 No repository field.
7 verbose readDependencies using package.json deps
8 verbose cache add [ 'os', null ]
9 verbose cache add name=undefined spec="os" args=["os",null]
10 verbose parsed url { protocol: null,
10 verbose parsed url   slashes: null,
10 verbose parsed url   auth: null,
10 verbose parsed url   host: null,
10 verbose parsed url   port: null,
10 verbose parsed url   hostname: null,
10 verbose parsed url   hash: null,
10 verbose parsed url   search: null,
10 verbose parsed url   query: null,
10 verbose parsed url   pathname: 'os',
10 verbose parsed url   path: 'os',
10 verbose parsed url   href: 'os' }
11 silly lockFile 999a3419-os os
12 verbose lock os C:\Users\Mehdi\AppData\Roaming\npm-cache\999a3419-os.lock
13 silly lockFile 999a3419-os os
14 silly lockFile 999a3419-os os
15 verbose addNamed [ 'os', '' ]
16 verbose addNamed [ null, '*' ]
17 silly lockFile 46c56d42-os os@
18 verbose lock os@ C:\Users\Mehdi\AppData\Roaming\npm-cache\46c56d42-os.lock
19 silly addNameRange { name: 'os', range: '*', hasData: false }
20 verbose request where is /os
21 verbose request registry https://registry.npmjs.org/
22 verbose request id d3763f12408903c4
23 verbose url raw /os
24 verbose url resolving [ 'https://registry.npmjs.org/', './os' ]
25 verbose url resolved https://registry.npmjs.org/os
26 verbose request where is https://registry.npmjs.org/os
27 info trying registry request attempt 1 at 02:35:49
28 http GET https://registry.npmjs.org/os
29 http 404 https://registry.npmjs.org/os
30 verbose headers { date: 'Wed, 05 Nov 2014 01:35:54 GMT',
30 verbose headers   server: 'CouchDB/1.5.0 (Erlang OTP/R16B03)',
30 verbose headers   'content-type': 'application/json',
30 verbose headers   'cache-control': 'max-age=0',
30 verbose headers   'content-length': '52',
30 verbose headers   'accept-ranges': 'bytes',
30 verbose headers   via: '1.1 varnish',
30 verbose headers   age: '0',
30 verbose headers   'x-served-by': 'cache-lhr6335-LHR',
30 verbose headers   'x-cache': 'MISS',
30 verbose headers   'x-cache-hits': '0',
30 verbose headers   'x-timer': 'S1415151353.701780,VS0,VE503',
30 verbose headers   'keep-alive': 'timeout=10, max=50',
30 verbose headers   connection: 'Keep-Alive' }
31 silly registry.get cb [ 404,
31 silly registry.get   { date: 'Wed, 05 Nov 2014 01:35:54 GMT',
31 silly registry.get     server: 'CouchDB/1.5.0 (Erlang OTP/R16B03)',
31 silly registry.get     'content-type': 'application/json',
31 silly registry.get     'cache-control': 'max-age=0',
31 silly registry.get     'content-length': '52',
31 silly registry.get     'accept-ranges': 'bytes',
31 silly registry.get     via: '1.1 varnish',
31 silly registry.get     age: '0',
31 silly registry.get     'x-served-by': 'cache-lhr6335-LHR',
31 silly registry.get     'x-cache': 'MISS',
31 silly registry.get     'x-cache-hits': '0',
31 silly registry.get     'x-timer': 'S1415151353.701780,VS0,VE503',
31 silly registry.get     'keep-alive': 'timeout=10, max=50',
31 silly registry.get     connection: 'Keep-Alive' } ]
32 silly lockFile 46c56d42-os os@
33 silly lockFile 46c56d42-os os@
34 error 404 404 Not Found: os
34 error 404
34 error 404 'os' is not in the npm registry.
34 error 404 You should bug the author to publish it
34 error 404 It was specified as a dependency of 'Myapp'
34 error 404
34 error 404 Note that you can also install from a
34 error 404 tarball, folder, or http url, or git url.
35 error System Windows_NT 6.1.7600
36 error command "C:\\Program Files (x86)\\nodejs\\\\node.exe" "C:\\Program Files (x86)\\nodejs\\node_modules\\npm\\bin\\npm-cli.js" "install" "os" "--save"
37 error cwd C:\Users\Mehdi\Desktop\node-webkit-v0.10.5-win-ia32
38 error node -v v0.10.33
39 error npm -v 1.4.28
40 error code E404
41 verbose exit [ 1, true ]
